<?xml version="1.0" encoding="UTF-8"?>
<!-- Generated by org.testng.reporters.JUnitReportReporter -->
<testsuite hostname="ZANY-PC" failures="0" tests="1" name="qaclickacademy.Mavenjava2.SeleniumTest" time="0.009" errors="0" timestamp="28 Jan 2020 03:28:42 GMT">
  <testcase classname="qaclickacademy.Mavenjava2.SeleniumTest" name="BrowserAutomation" time="0.009"/>
</testsuite> <!-- qaclickacademy.Mavenjava2.SeleniumTest -->
